Build started 02/01/2015 14:17:38.
     1>Project "C:\Users\royer_q\Documents\Visual Studio 2013\Projects\Gomoku\Gomoku\Gomoku.vcxproj" on node 2 (Build target(s)).
     1>ClCompile:
         C:\Program Files (x86)\Microsoft Visual Studio 12.0\VC\bin\CL.exe /c /I"C:\Users\royer_q\Documents\Visual Studio 2013\Projects\Gomoku\\SFML-2.1\include" /Zi /nologo /W3 /WX- /sdl /O2 /Oi /Oy- /GL /D _MBCS /Gm- /EHsc /MD /GS /Gy /fp:precise /Zc:wchar_t /Zc:forScope /Fo"Release\\" /Fd"Release\vc120.pdb" /Gd /TP /analyze- /errorReport:prompt Human.cpp ModuleGame.cpp
         Human.cpp
         ModuleGame.cpp
       Link:
         C:\Program Files (x86)\Microsoft Visual Studio 12.0\VC\bin\link.exe /ERRORREPORT:PROMPT /OUT:"C:\Users\royer_q\Documents\Visual Studio 2013\Projects\Gomoku\Release\Gomoku.exe" /NOLOGO /LIBPATH:"C:\Users\royer_q\Documents\Visual Studio 2013\Projects\Gomoku\\SFML-2.1\lib" "sfml-window.lib" "sfml-graphics.lib" "sfml-main.lib" "sfml-system.lib" kernel32.lib user32.lib gdi32.lib winspool.lib comdlg32.lib advapi32.lib shell32.lib ole32.lib oleaut32.lib uuid.lib odbc32.lib odbccp32.lib /MANIFEST /MANIFESTUAC:"level='asInvoker' uiAccess='false'" /manifest:embed /DEBUG /PDB:"C:\Users\royer_q\Documents\Visual Studio 2013\Projects\Gomoku\Release\Gomoku.pdb" /OPT:REF /OPT:ICF /LTCG /TLBID:1 /DYNAMICBASE /NXCOMPAT /IMPLIB:"C:\Users\royer_q\Documents\Visual Studio 2013\Projects\Gomoku\Release\Gomoku.lib" /MACHINE:X86 /SAFESEH Release\APlayer.obj
         Release\AState.obj
         Release\BitMask.obj
         Release\Calcul.obj
         Release\ComponentFactory.obj
         Release\Game.obj
         Release\GameSpecificFactory.obj
         Release\GameState.obj
         Release\Goban.obj
         Release\GobanPrinter.obj
         Release\Graphic.obj
         Release\GUIEndState.obj
         Release\GUIPauseState.obj
         Release\GUIState.obj
         Release\Human.obj
         Release\main.obj
         Release\ModuleGame.obj
         Release\Point.obj
         Release\Referee.obj
         Release\RenderSystem.obj
         Release\ResourceManager.obj
         Release\TextSystem.obj
         Release\TransformSystem.obj
         Release\Traveller.obj
         Release\World.obj
         Generating code
         Finished generating code
         Gomoku.vcxproj -> C:\Users\royer_q\Documents\Visual Studio 2013\Projects\Gomoku\Release\Gomoku.exe
     1>Done Building Project "C:\Users\royer_q\Documents\Visual Studio 2013\Projects\Gomoku\Gomoku\Gomoku.vcxproj" (Build target(s)).

Build succeeded.

Time Elapsed 00:00:03.02
